Arguments: 
  /usr/local/Cellar/node/15.6.0/bin/node /usr/local/Cellar/yarn/1.22.10/libexec/bin/yarn.js add uni-id

PATH: 
  /usr/local/opt/gsed/libexec/gnubin:/usr/local/opt/gnu-sed/libexec/gnubin:/usr/local/bin:/usr/bin:/bin:/usr/sbin:/sbin:/Applications/VMware Fusion.app/Contents/Public:/Library/Apple/usr/bin:/usr/local/opt/gsed/libexec/gnubin:/usr/local/opt/gnu-sed/libexec/gnubin:/Users/suriel/Library/Android/sdk/emulator:/Users/suriel/Library/Android/sdk/tools:/Users/suriel/Library/Android/sdk/tools/bin:/Users/suriel/Library/Android/sdk/platform-tools:/Users/suriel/flutter/bin:/Users/suriel/Library/Android/sdk/emulator:/Users/suriel/Library/Android/sdk/tools:/Users/suriel/Library/Android/sdk/tools/bin:/Users/suriel/Library/Android/sdk/platform-tools:/Users/suriel/Code/hello-uni-cloud-router/flutter/bin

Yarn version: 
  1.22.10

Node version: 
  15.6.0

Platform: 
  darwin x64

Trace: 
  Error: https://registry.npmjs.org/uni-id: Not found
      at Request.params.callback [as _callback] (/usr/local/Cellar/yarn/1.22.10/libexec/lib/cli.js:66988:18)
      at Request.self.callback (/usr/local/Cellar/yarn/1.22.10/libexec/lib/cli.js:140749:22)
      at Request.emit (node:events:379:20)
      at Request.<anonymous> (/usr/local/Cellar/yarn/1.22.10/libexec/lib/cli.js:141721:10)
      at Request.emit (node:events:379:20)
      at IncomingMessage.<anonymous> (/usr/local/Cellar/yarn/1.22.10/libexec/lib/cli.js:141643:12)
      at Object.onceWrapper (node:events:485:28)
      at IncomingMessage.emit (node:events:391:22)
      at endReadableNT (node:internal/streams/readable:1307:12)
      at processTicksAndRejections (node:internal/process/task_queues:81:21)

npm manifest: 
  {
    "name": "hello-uni-cloud-router",
    "version": "1.0.0",
    "main": "index.js",
    "license": "MIT",
    "dependencies": {
      "uni-cloud-router": "^0.0.10"
    }
  }

yarn manifest: 
  No manifest

Lockfile: 
  # THIS IS AN AUTOGENERATED FILE. DO NOT EDIT THIS FILE DIRECTLY.
  # yarn lockfile v1
  
  
  uni-cloud-router@^0.0.10:
    version "0.0.10"
    resolved "https://registry.yarnpkg.com/uni-cloud-router/-/uni-cloud-router-0.0.10.tgz#71d61d48a9e6a4315705070e8a41620ceb9f5ebb"
    integrity sha512-gPMYh9HF/drINWHuRqDwVQECyTiBUQFr15dndfRRQD7Jbx9rUOBAfofuKhJfS3IArrChEw6ftJ7dvFl7xmi2eA==
